CRITICAL - 2021-11-13 01:35:11 --> required|is_unique is not a valid rule.
#0 C:\xampp\htdocs\Pro2\system\Validation\Validation.php(285): CodeIgniter\Validation\Exceptions\ValidationException::forRuleNotFound('required|is_uni...')
#1 C:\xampp\htdocs\Pro2\system\Validation\Validation.php(151): CodeIgniter\Validation\Validation->processRules('txtcontact', 'txtcontact', '', Array, Array)
#2 C:\xampp\htdocs\Pro2\system\Controller.php(160): CodeIgniter\Validation\Validation->run()
#3 C:\xampp\htdocs\Pro2\app\Controllers\Login.php(23): CodeIgniter\Controller->validate(Array)
#4 C:\xampp\htdocs\Pro2\system\CodeIgniter.php(824): App\Controllers\Login->savereg()
#5 C:\xampp\htdocs\Pro2\system\CodeIgniter.php(410): CodeIgniter\CodeIgniter->runController(Object(App\Controllers\Login))
#6 C:\xampp\htdocs\Pro2\system\CodeIgniter.php(318): CodeIgniter\CodeIgniter->handleRequest(NULL, Object(Config\Cache), false)
#7 C:\xampp\htdocs\Pro2\public\index.php(37): CodeIgniter\CodeIgniter->run()
#8 {main}
CRITICAL - 2021-11-13 02:08:52 --> required|is_unique is not a valid rule.
#0 C:\xampp\htdocs\Pro2\system\Validation\Validation.php(285): CodeIgniter\Validation\Exceptions\ValidationException::forRuleNotFound('required|is_uni...')
#1 C:\xampp\htdocs\Pro2\system\Validation\Validation.php(151): CodeIgniter\Validation\Validation->processRules('txtcontact', 'txtcontact', '', Array, Array)
#2 C:\xampp\htdocs\Pro2\system\Controller.php(160): CodeIgniter\Validation\Validation->run()
#3 C:\xampp\htdocs\Pro2\app\Controllers\Login.php(23): CodeIgniter\Controller->validate(Array)
#4 C:\xampp\htdocs\Pro2\system\CodeIgniter.php(824): App\Controllers\Login->savereg()
#5 C:\xampp\htdocs\Pro2\system\CodeIgniter.php(410): CodeIgniter\CodeIgniter->runController(Object(App\Controllers\Login))
#6 C:\xampp\htdocs\Pro2\system\CodeIgniter.php(318): CodeIgniter\CodeIgniter->handleRequest(NULL, Object(Config\Cache), false)
#7 C:\xampp\htdocs\Pro2\public\index.php(37): CodeIgniter\CodeIgniter->run()
#8 {main}
CRITICAL - 2021-11-13 02:10:27 --> Invalid file: registerform.php
#0 C:\xampp\htdocs\Pro2\system\View\View.php(198): CodeIgniter\Exceptions\FrameworkException::forInvalidFile('registerform.ph...')
#1 C:\xampp\htdocs\Pro2\system\Common.php(1097): CodeIgniter\View\View->render('registerform', Array, true)
#2 C:\xampp\htdocs\Pro2\app\Controllers\Login.php(67): view('registerform', Array)
#3 C:\xampp\htdocs\Pro2\system\CodeIgniter.php(824): App\Controllers\Login->savereg()
#4 C:\xampp\htdocs\Pro2\system\CodeIgniter.php(410): CodeIgniter\CodeIgniter->runController(Object(App\Controllers\Login))
#5 C:\xampp\htdocs\Pro2\system\CodeIgniter.php(318): CodeIgniter\CodeIgniter->handleRequest(NULL, Object(Config\Cache), false)
#6 C:\xampp\htdocs\Pro2\public\index.php(37): CodeIgniter\CodeIgniter->run()
#7 {main}
CRITICAL - 2021-11-13 02:11:13 --> Invalid file: login/register.php
#0 C:\xampp\htdocs\Pro2\system\View\View.php(198): CodeIgniter\Exceptions\FrameworkException::forInvalidFile('login/register....')
#1 C:\xampp\htdocs\Pro2\system\Common.php(1097): CodeIgniter\View\View->render('login/register', Array, true)
#2 C:\xampp\htdocs\Pro2\app\Controllers\Login.php(67): view('login/register', Array)
#3 C:\xampp\htdocs\Pro2\system\CodeIgniter.php(824): App\Controllers\Login->savereg()
#4 C:\xampp\htdocs\Pro2\system\CodeIgniter.php(410): CodeIgniter\CodeIgniter->runController(Object(App\Controllers\Login))
#5 C:\xampp\htdocs\Pro2\system\CodeIgniter.php(318): CodeIgniter\CodeIgniter->handleRequest(NULL, Object(Config\Cache), false)
#6 C:\xampp\htdocs\Pro2\public\index.php(37): CodeIgniter\CodeIgniter->run()
#7 {main}
CRITICAL - 2021-11-13 02:11:27 --> Invalid file: registerform.php
#0 C:\xampp\htdocs\Pro2\system\View\View.php(198): CodeIgniter\Exceptions\FrameworkException::forInvalidFile('registerform.ph...')
#1 C:\xampp\htdocs\Pro2\system\Common.php(1097): CodeIgniter\View\View->render('registerform', Array, true)
#2 C:\xampp\htdocs\Pro2\app\Controllers\Login.php(67): view('registerform', Array)
#3 C:\xampp\htdocs\Pro2\system\CodeIgniter.php(824): App\Controllers\Login->savereg()
#4 C:\xampp\htdocs\Pro2\system\CodeIgniter.php(410): CodeIgniter\CodeIgniter->runController(Object(App\Controllers\Login))
#5 C:\xampp\htdocs\Pro2\system\CodeIgniter.php(318): CodeIgniter\CodeIgniter->handleRequest(NULL, Object(Config\Cache), false)
#6 C:\xampp\htdocs\Pro2\public\index.php(37): CodeIgniter\CodeIgniter->run()
#7 {main}
CRITICAL - 2021-11-13 02:11:58 --> Invalid file: login/register.php
#0 C:\xampp\htdocs\Pro2\system\View\View.php(198): CodeIgniter\Exceptions\FrameworkException::forInvalidFile('login/register....')
#1 C:\xampp\htdocs\Pro2\system\Common.php(1097): CodeIgniter\View\View->render('login/register', Array, true)
#2 C:\xampp\htdocs\Pro2\app\Controllers\Login.php(67): view('login/register', Array)
#3 C:\xampp\htdocs\Pro2\system\CodeIgniter.php(824): App\Controllers\Login->savereg()
#4 C:\xampp\htdocs\Pro2\system\CodeIgniter.php(410): CodeIgniter\CodeIgniter->runController(Object(App\Controllers\Login))
#5 C:\xampp\htdocs\Pro2\system\CodeIgniter.php(318): CodeIgniter\CodeIgniter->handleRequest(NULL, Object(Config\Cache), false)
#6 C:\xampp\htdocs\Pro2\public\index.php(37): CodeIgniter\CodeIgniter->run()
#7 {main}
CRITICAL - 2021-11-13 02:13:22 --> Invalid file: /registerform.php
#0 C:\xampp\htdocs\Pro2\system\View\View.php(198): CodeIgniter\Exceptions\FrameworkException::forInvalidFile('/registerform.p...')
#1 C:\xampp\htdocs\Pro2\system\Common.php(1097): CodeIgniter\View\View->render('/registerform', Array, true)
#2 C:\xampp\htdocs\Pro2\app\Controllers\Login.php(67): view('/registerform', Array)
#3 C:\xampp\htdocs\Pro2\system\CodeIgniter.php(824): App\Controllers\Login->savereg()
#4 C:\xampp\htdocs\Pro2\system\CodeIgniter.php(410): CodeIgniter\CodeIgniter->runController(Object(App\Controllers\Login))
#5 C:\xampp\htdocs\Pro2\system\CodeIgniter.php(318): CodeIgniter\CodeIgniter->handleRequest(NULL, Object(Config\Cache), false)
#6 C:\xampp\htdocs\Pro2\public\index.php(37): CodeIgniter\CodeIgniter->run()
#7 {main}
CRITICAL - 2021-11-13 02:14:19 --> Invalid file: Login/register.php
#0 C:\xampp\htdocs\Pro2\system\View\View.php(198): CodeIgniter\Exceptions\FrameworkException::forInvalidFile('Login/register....')
#1 C:\xampp\htdocs\Pro2\system\Common.php(1097): CodeIgniter\View\View->render('Login/register', Array, true)
#2 C:\xampp\htdocs\Pro2\app\Controllers\Login.php(67): view('Login/register', Array)
#3 C:\xampp\htdocs\Pro2\system\CodeIgniter.php(824): App\Controllers\Login->savereg()
#4 C:\xampp\htdocs\Pro2\system\CodeIgniter.php(410): CodeIgniter\CodeIgniter->runController(Object(App\Controllers\Login))
#5 C:\xampp\htdocs\Pro2\system\CodeIgniter.php(318): CodeIgniter\CodeIgniter->handleRequest(NULL, Object(Config\Cache), false)
#6 C:\xampp\htdocs\Pro2\public\index.php(37): CodeIgniter\CodeIgniter->run()
#7 {main}
CRITICAL - 2021-11-13 02:16:11 --> Invalid file: Login/register.php
#0 C:\xampp\htdocs\Pro2\system\View\View.php(198): CodeIgniter\Exceptions\FrameworkException::forInvalidFile('Login/register....')
#1 C:\xampp\htdocs\Pro2\system\Common.php(1097): CodeIgniter\View\View->render('Login/register', Array, true)
#2 C:\xampp\htdocs\Pro2\app\Controllers\Login.php(67): view('Login/register', Array)
#3 C:\xampp\htdocs\Pro2\system\CodeIgniter.php(824): App\Controllers\Login->savereg()
#4 C:\xampp\htdocs\Pro2\system\CodeIgniter.php(410): CodeIgniter\CodeIgniter->runController(Object(App\Controllers\Login))
#5 C:\xampp\htdocs\Pro2\system\CodeIgniter.php(318): CodeIgniter\CodeIgniter->handleRequest(NULL, Object(Config\Cache), false)
#6 C:\xampp\htdocs\Pro2\public\index.php(37): CodeIgniter\CodeIgniter->run()
#7 {main}
CRITICAL - 2021-11-13 02:22:03 --> syntax error, unexpected '$this' (T_VARIABLE), expecting function (T_FUNCTION) or const (T_CONST)
#0 C:\xampp\htdocs\Pro2\system\Autoloader\Autoloader.php(241): CodeIgniter\Autoloader\Autoloader->includeFile('C:\\xampp\\htdocs...')
#1 C:\xampp\htdocs\Pro2\system\Autoloader\Autoloader.php(219): CodeIgniter\Autoloader\Autoloader->loadInNamespace('App\\Controllers...')
#2 [internal function]: CodeIgniter\Autoloader\Autoloader->loadClass('App\\Controllers...')
#3 [internal function]: spl_autoload_call('App\\Controllers...')
#4 C:\xampp\htdocs\Pro2\system\CodeIgniter.php(789): class_exists('\\App\\Controller...', true)
#5 C:\xampp\htdocs\Pro2\system\CodeIgniter.php(397): CodeIgniter\CodeIgniter->startController()
#6 C:\xampp\htdocs\Pro2\system\CodeIgniter.php(318): CodeIgniter\CodeIgniter->handleRequest(NULL, Object(Config\Cache), false)
#7 C:\xampp\htdocs\Pro2\public\index.php(37): CodeIgniter\CodeIgniter->run()
#8 {main}
CRITICAL - 2021-11-13 02:22:04 --> syntax error, unexpected '$this' (T_VARIABLE), expecting function (T_FUNCTION) or const (T_CONST)
#0 C:\xampp\htdocs\Pro2\system\Autoloader\Autoloader.php(241): CodeIgniter\Autoloader\Autoloader->includeFile('C:\\xampp\\htdocs...')
#1 C:\xampp\htdocs\Pro2\system\Autoloader\Autoloader.php(219): CodeIgniter\Autoloader\Autoloader->loadInNamespace('App\\Controllers...')
#2 [internal function]: CodeIgniter\Autoloader\Autoloader->loadClass('App\\Controllers...')
#3 [internal function]: spl_autoload_call('App\\Controllers...')
#4 C:\xampp\htdocs\Pro2\system\CodeIgniter.php(789): class_exists('\\App\\Controller...', true)
#5 C:\xampp\htdocs\Pro2\system\CodeIgniter.php(397): CodeIgniter\CodeIgniter->startController()
#6 C:\xampp\htdocs\Pro2\system\CodeIgniter.php(318): CodeIgniter\CodeIgniter->handleRequest(NULL, Object(Config\Cache), false)
#7 C:\xampp\htdocs\Pro2\public\index.php(37): CodeIgniter\CodeIgniter->run()
#8 {main}
CRITICAL - 2021-11-13 02:22:06 --> syntax error, unexpected '$this' (T_VARIABLE), expecting function (T_FUNCTION) or const (T_CONST)
#0 C:\xampp\htdocs\Pro2\system\Autoloader\Autoloader.php(241): CodeIgniter\Autoloader\Autoloader->includeFile('C:\\xampp\\htdocs...')
#1 C:\xampp\htdocs\Pro2\system\Autoloader\Autoloader.php(219): CodeIgniter\Autoloader\Autoloader->loadInNamespace('App\\Controllers...')
#2 [internal function]: CodeIgniter\Autoloader\Autoloader->loadClass('App\\Controllers...')
#3 [internal function]: spl_autoload_call('App\\Controllers...')
#4 C:\xampp\htdocs\Pro2\system\CodeIgniter.php(789): class_exists('\\App\\Controller...', true)
#5 C:\xampp\htdocs\Pro2\system\CodeIgniter.php(397): CodeIgniter\CodeIgniter->startController()
#6 C:\xampp\htdocs\Pro2\system\CodeIgniter.php(318): CodeIgniter\CodeIgniter->handleRequest(NULL, Object(Config\Cache), false)
#7 C:\xampp\htdocs\Pro2\public\index.php(37): CodeIgniter\CodeIgniter->run()
#8 {main}
CRITICAL - 2021-11-13 02:23:10 --> Call to undefined function set_value()
#0 C:\xampp\htdocs\Pro2\system\View\View.php(214): include()
#1 C:\xampp\htdocs\Pro2\system\View\View.php(217): CodeIgniter\View\View->CodeIgniter\View\{closure}()
#2 C:\xampp\htdocs\Pro2\system\Common.php(1097): CodeIgniter\View\View->render('Login/Registrat...', Array, true)
#3 C:\xampp\htdocs\Pro2\app\Controllers\Login.php(18): view('Login/Registrat...')
#4 C:\xampp\htdocs\Pro2\system\CodeIgniter.php(824): App\Controllers\Login->register()
#5 C:\xampp\htdocs\Pro2\system\CodeIgniter.php(410): CodeIgniter\CodeIgniter->runController(Object(App\Controllers\Login))
#6 C:\xampp\htdocs\Pro2\system\CodeIgniter.php(318): CodeIgniter\CodeIgniter->handleRequest(NULL, Object(Config\Cache), false)
#7 C:\xampp\htdocs\Pro2\public\index.php(37): CodeIgniter\CodeIgniter->run()
#8 {main}
CRITICAL - 2021-11-13 02:23:29 --> Call to undefined function set_value()
#0 C:\xampp\htdocs\Pro2\system\View\View.php(214): include()
#1 C:\xampp\htdocs\Pro2\system\View\View.php(217): CodeIgniter\View\View->CodeIgniter\View\{closure}()
#2 C:\xampp\htdocs\Pro2\system\Common.php(1097): CodeIgniter\View\View->render('Login/Registrat...', Array, true)
#3 C:\xampp\htdocs\Pro2\app\Controllers\Login.php(18): view('Login/Registrat...')
#4 C:\xampp\htdocs\Pro2\system\CodeIgniter.php(824): App\Controllers\Login->register()
#5 C:\xampp\htdocs\Pro2\system\CodeIgniter.php(410): CodeIgniter\CodeIgniter->runController(Object(App\Controllers\Login))
#6 C:\xampp\htdocs\Pro2\system\CodeIgniter.php(318): CodeIgniter\CodeIgniter->handleRequest(NULL, Object(Config\Cache), false)
#7 C:\xampp\htdocs\Pro2\public\index.php(37): CodeIgniter\CodeIgniter->run()
#8 {main}
CRITICAL - 2021-11-13 02:24:31 --> Undefined property: App\Controllers\Login::$load
#0 C:\xampp\htdocs\Pro2\app\Controllers\Login.php(9): CodeIgniter\Debug\Exceptions->errorHandler(8, 'Undefined prope...', 'C:\\xampp\\htdocs...', 9, Array)
#1 C:\xampp\htdocs\Pro2\system\CodeIgniter.php(801): App\Controllers\Login->__construct()
#2 C:\xampp\htdocs\Pro2\system\CodeIgniter.php(401): CodeIgniter\CodeIgniter->createController()
#3 C:\xampp\htdocs\Pro2\system\CodeIgniter.php(318): CodeIgniter\CodeIgniter->handleRequest(NULL, Object(Config\Cache), false)
#4 C:\xampp\htdocs\Pro2\public\index.php(37): CodeIgniter\CodeIgniter->run()
#5 {main}
CRITICAL - 2021-11-13 02:25:13 --> Call to undefined function set_value()
#0 C:\xampp\htdocs\Pro2\system\View\View.php(214): include()
#1 C:\xampp\htdocs\Pro2\system\View\View.php(217): CodeIgniter\View\View->CodeIgniter\View\{closure}()
#2 C:\xampp\htdocs\Pro2\system\Common.php(1097): CodeIgniter\View\View->render('Login/Registrat...', Array, true)
#3 C:\xampp\htdocs\Pro2\app\Controllers\Login.php(16): view('Login/Registrat...')
#4 C:\xampp\htdocs\Pro2\system\CodeIgniter.php(824): App\Controllers\Login->register()
#5 C:\xampp\htdocs\Pro2\system\CodeIgniter.php(410): CodeIgniter\CodeIgniter->runController(Object(App\Controllers\Login))
#6 C:\xampp\htdocs\Pro2\system\CodeIgniter.php(318): CodeIgniter\CodeIgniter->handleRequest(NULL, Object(Config\Cache), false)
#7 C:\xampp\htdocs\Pro2\public\index.php(37): CodeIgniter\CodeIgniter->run()
#8 {main}
CRITICAL - 2021-11-13 02:25:23 --> Call to undefined function form_error()
#0 C:\xampp\htdocs\Pro2\system\View\View.php(214): include()
#1 C:\xampp\htdocs\Pro2\system\View\View.php(217): CodeIgniter\View\View->CodeIgniter\View\{closure}()
#2 C:\xampp\htdocs\Pro2\system\Common.php(1097): CodeIgniter\View\View->render('Login/Registrat...', Array, true)
#3 C:\xampp\htdocs\Pro2\app\Controllers\Login.php(16): view('Login/Registrat...')
#4 C:\xampp\htdocs\Pro2\system\CodeIgniter.php(824): App\Controllers\Login->register()
#5 C:\xampp\htdocs\Pro2\system\CodeIgniter.php(410): CodeIgniter\CodeIgniter->runController(Object(App\Controllers\Login))
#6 C:\xampp\htdocs\Pro2\system\CodeIgniter.php(318): CodeIgniter\CodeIgniter->handleRequest(NULL, Object(Config\Cache), false)
#7 C:\xampp\htdocs\Pro2\public\index.php(37): CodeIgniter\CodeIgniter->run()
#8 {main}
CRITICAL - 2021-11-13 02:26:04 --> Call to undefined function form_error()
#0 C:\xampp\htdocs\Pro2\system\View\View.php(214): include()
#1 C:\xampp\htdocs\Pro2\system\View\View.php(217): CodeIgniter\View\View->CodeIgniter\View\{closure}()
#2 C:\xampp\htdocs\Pro2\system\Common.php(1097): CodeIgniter\View\View->render('Login/Registrat...', Array, true)
#3 C:\xampp\htdocs\Pro2\app\Controllers\Login.php(16): view('Login/Registrat...')
#4 C:\xampp\htdocs\Pro2\system\CodeIgniter.php(824): App\Controllers\Login->register()
#5 C:\xampp\htdocs\Pro2\system\CodeIgniter.php(410): CodeIgniter\CodeIgniter->runController(Object(App\Controllers\Login))
#6 C:\xampp\htdocs\Pro2\system\CodeIgniter.php(318): CodeIgniter\CodeIgniter->handleRequest(NULL, Object(Config\Cache), false)
#7 C:\xampp\htdocs\Pro2\public\index.php(37): CodeIgniter\CodeIgniter->run()
#8 {main}
CRITICAL - 2021-11-13 02:29:18 --> Call to undefined function form_error()
#0 C:\xampp\htdocs\Pro2\system\View\View.php(214): include()
#1 C:\xampp\htdocs\Pro2\system\View\View.php(217): CodeIgniter\View\View->CodeIgniter\View\{closure}()
#2 C:\xampp\htdocs\Pro2\system\Common.php(1097): CodeIgniter\View\View->render('Login/Registrat...', Array, true)
#3 C:\xampp\htdocs\Pro2\app\Controllers\Login.php(19): view('Login/Registrat...')
#4 C:\xampp\htdocs\Pro2\system\CodeIgniter.php(824): App\Controllers\Login->register()
#5 C:\xampp\htdocs\Pro2\system\CodeIgniter.php(410): CodeIgniter\CodeIgniter->runController(Object(App\Controllers\Login))
#6 C:\xampp\htdocs\Pro2\system\CodeIgniter.php(318): CodeIgniter\CodeIgniter->handleRequest(NULL, Object(Config\Cache), false)
#7 C:\xampp\htdocs\Pro2\public\index.php(37): CodeIgniter\CodeIgniter->run()
#8 {main}
CRITICAL - 2021-11-13 02:30:05 --> required|is_unique is not a valid rule.
#0 C:\xampp\htdocs\Pro2\system\Validation\Validation.php(285): CodeIgniter\Validation\Exceptions\ValidationException::forRuleNotFound('required|is_uni...')
#1 C:\xampp\htdocs\Pro2\system\Validation\Validation.php(151): CodeIgniter\Validation\Validation->processRules('txtcontact', 'txtcontact', '', Array, Array)
#2 C:\xampp\htdocs\Pro2\system\Controller.php(160): CodeIgniter\Validation\Validation->run()
#3 C:\xampp\htdocs\Pro2\app\Controllers\Login.php(30): CodeIgniter\Controller->validate(Array)
#4 C:\xampp\htdocs\Pro2\system\CodeIgniter.php(824): App\Controllers\Login->savereg()
#5 C:\xampp\htdocs\Pro2\system\CodeIgniter.php(410): CodeIgniter\CodeIgniter->runController(Object(App\Controllers\Login))
#6 C:\xampp\htdocs\Pro2\system\CodeIgniter.php(318): CodeIgniter\CodeIgniter->handleRequest(NULL, Object(Config\Cache), false)
#7 C:\xampp\htdocs\Pro2\public\index.php(37): CodeIgniter\CodeIgniter->run()
#8 {main}
CRITICAL - 2021-11-13 02:36:54 --> Call to undefined method App\Controllers\Login::validation()
#0 C:\xampp\htdocs\Pro2\system\CodeIgniter.php(824): App\Controllers\Login->savereg()
#1 C:\xampp\htdocs\Pro2\system\CodeIgniter.php(410): CodeIgniter\CodeIgniter->runController(Object(App\Controllers\Login))
#2 C:\xampp\htdocs\Pro2\system\CodeIgniter.php(318): CodeIgniter\CodeIgniter->handleRequest(NULL, Object(Config\Cache), false)
#3 C:\xampp\htdocs\Pro2\public\index.php(37): CodeIgniter\CodeIgniter->run()
#4 {main}
CRITICAL - 2021-11-13 02:38:19 --> Call to undefined method App\Controllers\Login::validation()
#0 C:\xampp\htdocs\Pro2\system\CodeIgniter.php(824): App\Controllers\Login->savereg()
#1 C:\xampp\htdocs\Pro2\system\CodeIgniter.php(410): CodeIgniter\CodeIgniter->runController(Object(App\Controllers\Login))
#2 C:\xampp\htdocs\Pro2\system\CodeIgniter.php(318): CodeIgniter\CodeIgniter->handleRequest(NULL, Object(Config\Cache), false)
#3 C:\xampp\htdocs\Pro2\public\index.php(37): CodeIgniter\CodeIgniter->run()
#4 {main}
CRITICAL - 2021-11-13 02:38:58 --> Call to undefined method App\Controllers\Login::validation()
#0 C:\xampp\htdocs\Pro2\system\CodeIgniter.php(824): App\Controllers\Login->savereg()
#1 C:\xampp\htdocs\Pro2\system\CodeIgniter.php(410): CodeIgniter\CodeIgniter->runController(Object(App\Controllers\Login))
#2 C:\xampp\htdocs\Pro2\system\CodeIgniter.php(318): CodeIgniter\CodeIgniter->handleRequest(NULL, Object(Config\Cache), false)
#3 C:\xampp\htdocs\Pro2\public\index.php(37): CodeIgniter\CodeIgniter->run()
#4 {main}
CRITICAL - 2021-11-13 02:41:37 --> Undefined variable: validation
#0 C:\xampp\htdocs\Pro2\app\Views\Login\Registration.php(12): CodeIgniter\Debug\Exceptions->errorHandler(8, 'Undefined varia...', 'C:\\xampp\\htdocs...', 12, Array)
#1 C:\xampp\htdocs\Pro2\system\View\View.php(214): include('C:\\xampp\\htdocs...')
#2 C:\xampp\htdocs\Pro2\system\View\View.php(217): CodeIgniter\View\View->CodeIgniter\View\{closure}()
#3 C:\xampp\htdocs\Pro2\system\Common.php(1097): CodeIgniter\View\View->render('Login/Registrat...', Array, true)
#4 C:\xampp\htdocs\Pro2\app\Controllers\Login.php(19): view('Login/Registrat...')
#5 C:\xampp\htdocs\Pro2\system\CodeIgniter.php(824): App\Controllers\Login->register()
#6 C:\xampp\htdocs\Pro2\system\CodeIgniter.php(410): CodeIgniter\CodeIgniter->runController(Object(App\Controllers\Login))
#7 C:\xampp\htdocs\Pro2\system\CodeIgniter.php(318): CodeIgniter\CodeIgniter->handleRequest(NULL, Object(Config\Cache), false)
#8 C:\xampp\htdocs\Pro2\public\index.php(37): CodeIgniter\CodeIgniter->run()
#9 {main}
CRITICAL - 2021-11-13 02:41:40 --> Undefined variable: validation
#0 C:\xampp\htdocs\Pro2\app\Views\Login\Registration.php(12): CodeIgniter\Debug\Exceptions->errorHandler(8, 'Undefined varia...', 'C:\\xampp\\htdocs...', 12, Array)
#1 C:\xampp\htdocs\Pro2\system\View\View.php(214): include('C:\\xampp\\htdocs...')
#2 C:\xampp\htdocs\Pro2\system\View\View.php(217): CodeIgniter\View\View->CodeIgniter\View\{closure}()
#3 C:\xampp\htdocs\Pro2\system\Common.php(1097): CodeIgniter\View\View->render('Login/Registrat...', Array, true)
#4 C:\xampp\htdocs\Pro2\app\Controllers\Login.php(19): view('Login/Registrat...')
#5 C:\xampp\htdocs\Pro2\system\CodeIgniter.php(824): App\Controllers\Login->register()
#6 C:\xampp\htdocs\Pro2\system\CodeIgniter.php(410): CodeIgniter\CodeIgniter->runController(Object(App\Controllers\Login))
#7 C:\xampp\htdocs\Pro2\system\CodeIgniter.php(318): CodeIgniter\CodeIgniter->handleRequest(NULL, Object(Config\Cache), false)
#8 C:\xampp\htdocs\Pro2\public\index.php(37): CodeIgniter\CodeIgniter->run()
#9 {main}
CRITICAL - 2021-11-13 02:41:51 --> Undefined variable: validation
#0 C:\xampp\htdocs\Pro2\app\Views\Login\Registration.php(12): CodeIgniter\Debug\Exceptions->errorHandler(8, 'Undefined varia...', 'C:\\xampp\\htdocs...', 12, Array)
#1 C:\xampp\htdocs\Pro2\system\View\View.php(214): include('C:\\xampp\\htdocs...')
#2 C:\xampp\htdocs\Pro2\system\View\View.php(217): CodeIgniter\View\View->CodeIgniter\View\{closure}()
#3 C:\xampp\htdocs\Pro2\system\Common.php(1097): CodeIgniter\View\View->render('Login/Registrat...', Array, true)
#4 C:\xampp\htdocs\Pro2\app\Controllers\Login.php(19): view('Login/Registrat...')
#5 C:\xampp\htdocs\Pro2\system\CodeIgniter.php(824): App\Controllers\Login->register()
#6 C:\xampp\htdocs\Pro2\system\CodeIgniter.php(410): CodeIgniter\CodeIgniter->runController(Object(App\Controllers\Login))
#7 C:\xampp\htdocs\Pro2\system\CodeIgniter.php(318): CodeIgniter\CodeIgniter->handleRequest(NULL, Object(Config\Cache), false)
#8 C:\xampp\htdocs\Pro2\public\index.php(37): CodeIgniter\CodeIgniter->run()
#9 {main}
CRITICAL - 2021-11-13 02:42:47 --> Undefined variable: validation
#0 C:\xampp\htdocs\Pro2\app\Views\Login\Registration.php(12): CodeIgniter\Debug\Exceptions->errorHandler(8, 'Undefined varia...', 'C:\\xampp\\htdocs...', 12, Array)
#1 C:\xampp\htdocs\Pro2\system\View\View.php(214): include('C:\\xampp\\htdocs...')
#2 C:\xampp\htdocs\Pro2\system\View\View.php(217): CodeIgniter\View\View->CodeIgniter\View\{closure}()
#3 C:\xampp\htdocs\Pro2\system\Common.php(1097): CodeIgniter\View\View->render('Login/Registrat...', Array, true)
#4 C:\xampp\htdocs\Pro2\app\Controllers\Login.php(19): view('Login/Registrat...')
#5 C:\xampp\htdocs\Pro2\system\CodeIgniter.php(824): App\Controllers\Login->register()
#6 C:\xampp\htdocs\Pro2\system\CodeIgniter.php(410): CodeIgniter\CodeIgniter->runController(Object(App\Controllers\Login))
#7 C:\xampp\htdocs\Pro2\system\CodeIgniter.php(318): CodeIgniter\CodeIgniter->handleRequest(NULL, Object(Config\Cache), false)
#8 C:\xampp\htdocs\Pro2\public\index.php(37): CodeIgniter\CodeIgniter->run()
#9 {main}
CRITICAL - 2021-11-13 02:46:02 --> Undefined variable: validation
#0 C:\xampp\htdocs\Pro2\app\Views\Login\Registration.php(12): CodeIgniter\Debug\Exceptions->errorHandler(8, 'Undefined varia...', 'C:\\xampp\\htdocs...', 12, Array)
#1 C:\xampp\htdocs\Pro2\system\View\View.php(214): include('C:\\xampp\\htdocs...')
#2 C:\xampp\htdocs\Pro2\system\View\View.php(217): CodeIgniter\View\View->CodeIgniter\View\{closure}()
#3 C:\xampp\htdocs\Pro2\system\Common.php(1097): CodeIgniter\View\View->render('Login/Registrat...', Array, true)
#4 C:\xampp\htdocs\Pro2\app\Controllers\Login.php(19): view('Login/Registrat...')
#5 C:\xampp\htdocs\Pro2\system\CodeIgniter.php(824): App\Controllers\Login->register()
#6 C:\xampp\htdocs\Pro2\system\CodeIgniter.php(410): CodeIgniter\CodeIgniter->runController(Object(App\Controllers\Login))
#7 C:\xampp\htdocs\Pro2\system\CodeIgniter.php(318): CodeIgniter\CodeIgniter->handleRequest(NULL, Object(Config\Cache), false)
#8 C:\xampp\htdocs\Pro2\public\index.php(37): CodeIgniter\CodeIgniter->run()
#9 {main}
CRITICAL - 2021-11-13 02:49:00 --> Undefined variable: validation
#0 C:\xampp\htdocs\Pro2\app\Views\Login\Registration.php(12): CodeIgniter\Debug\Exceptions->errorHandler(8, 'Undefined varia...', 'C:\\xampp\\htdocs...', 12, Array)
#1 C:\xampp\htdocs\Pro2\system\View\View.php(214): include('C:\\xampp\\htdocs...')
#2 C:\xampp\htdocs\Pro2\system\View\View.php(217): CodeIgniter\View\View->CodeIgniter\View\{closure}()
#3 C:\xampp\htdocs\Pro2\system\Common.php(1097): CodeIgniter\View\View->render('Login/Registrat...', Array, true)
#4 C:\xampp\htdocs\Pro2\app\Controllers\Login.php(19): view('Login/Registrat...')
#5 C:\xampp\htdocs\Pro2\system\CodeIgniter.php(824): App\Controllers\Login->register()
#6 C:\xampp\htdocs\Pro2\system\CodeIgniter.php(410): CodeIgniter\CodeIgniter->runController(Object(App\Controllers\Login))
#7 C:\xampp\htdocs\Pro2\system\CodeIgniter.php(318): CodeIgniter\CodeIgniter->handleRequest(NULL, Object(Config\Cache), false)
#8 C:\xampp\htdocs\Pro2\public\index.php(37): CodeIgniter\CodeIgniter->run()
#9 {main}
CRITICAL - 2021-11-13 02:50:48 --> Undefined variable: validation
#0 C:\xampp\htdocs\Pro2\app\Views\Login\Registration.php(12): CodeIgniter\Debug\Exceptions->errorHandler(8, 'Undefined varia...', 'C:\\xampp\\htdocs...', 12, Array)
#1 C:\xampp\htdocs\Pro2\system\View\View.php(214): include('C:\\xampp\\htdocs...')
#2 C:\xampp\htdocs\Pro2\system\View\View.php(217): CodeIgniter\View\View->CodeIgniter\View\{closure}()
#3 C:\xampp\htdocs\Pro2\system\Common.php(1097): CodeIgniter\View\View->render('Login/Registrat...', Array, true)
#4 C:\xampp\htdocs\Pro2\app\Controllers\Login.php(19): view('Login/Registrat...')
#5 C:\xampp\htdocs\Pro2\system\CodeIgniter.php(824): App\Controllers\Login->register()
#6 C:\xampp\htdocs\Pro2\system\CodeIgniter.php(410): CodeIgniter\CodeIgniter->runController(Object(App\Controllers\Login))
#7 C:\xampp\htdocs\Pro2\system\CodeIgniter.php(318): CodeIgniter\CodeIgniter->handleRequest(NULL, Object(Config\Cache), false)
#8 C:\xampp\htdocs\Pro2\public\index.php(37): CodeIgniter\CodeIgniter->run()
#9 {main}
CRITICAL - 2021-11-13 02:52:03 --> Undefined variable: validation
#0 C:\xampp\htdocs\Pro2\app\Views\Login\Registration.php(12): CodeIgniter\Debug\Exceptions->errorHandler(8, 'Undefined varia...', 'C:\\xampp\\htdocs...', 12, Array)
#1 C:\xampp\htdocs\Pro2\system\View\View.php(214): include('C:\\xampp\\htdocs...')
#2 C:\xampp\htdocs\Pro2\system\View\View.php(217): CodeIgniter\View\View->CodeIgniter\View\{closure}()
#3 C:\xampp\htdocs\Pro2\system\Common.php(1097): CodeIgniter\View\View->render('Login/Registrat...', Array, true)
#4 C:\xampp\htdocs\Pro2\app\Controllers\Login.php(19): view('Login/Registrat...')
#5 C:\xampp\htdocs\Pro2\system\CodeIgniter.php(824): App\Controllers\Login->register()
#6 C:\xampp\htdocs\Pro2\system\CodeIgniter.php(410): CodeIgniter\CodeIgniter->runController(Object(App\Controllers\Login))
#7 C:\xampp\htdocs\Pro2\system\CodeIgniter.php(318): CodeIgniter\CodeIgniter->handleRequest(NULL, Object(Config\Cache), false)
#8 C:\xampp\htdocs\Pro2\public\index.php(37): CodeIgniter\CodeIgniter->run()
#9 {main}
CRITICAL - 2021-11-13 02:52:26 --> Call to undefined method App\Controllers\Login::setRules()
#0 C:\xampp\htdocs\Pro2\system\CodeIgniter.php(824): App\Controllers\Login->savereg()
#1 C:\xampp\htdocs\Pro2\system\CodeIgniter.php(410): CodeIgniter\CodeIgniter->runController(Object(App\Controllers\Login))
#2 C:\xampp\htdocs\Pro2\system\CodeIgniter.php(318): CodeIgniter\CodeIgniter->handleRequest(NULL, Object(Config\Cache), false)
#3 C:\xampp\htdocs\Pro2\public\index.php(37): CodeIgniter\CodeIgniter->run()
#4 {main}
CRITICAL - 2021-11-13 03:21:19 --> Call to undefined function validation_errors()
#0 C:\xampp\htdocs\Pro2\system\View\View.php(214): include()
#1 C:\xampp\htdocs\Pro2\system\View\View.php(217): CodeIgniter\View\View->CodeIgniter\View\{closure}()
#2 C:\xampp\htdocs\Pro2\system\Common.php(1097): CodeIgniter\View\View->render('Login/Registrat...', Array, true)
#3 C:\xampp\htdocs\Pro2\app\Controllers\Login.php(19): view('Login/Registrat...')
#4 C:\xampp\htdocs\Pro2\system\CodeIgniter.php(824): App\Controllers\Login->register()
#5 C:\xampp\htdocs\Pro2\system\CodeIgniter.php(410): CodeIgniter\CodeIgniter->runController(Object(App\Controllers\Login))
#6 C:\xampp\htdocs\Pro2\system\CodeIgniter.php(318): CodeIgniter\CodeIgniter->handleRequest(NULL, Object(Config\Cache), false)
#7 C:\xampp\htdocs\Pro2\public\index.php(37): CodeIgniter\CodeIgniter->run()
#8 {main}
CRITICAL - 2021-11-13 03:21:20 --> Call to undefined function validation_errors()
#0 C:\xampp\htdocs\Pro2\system\View\View.php(214): include()
#1 C:\xampp\htdocs\Pro2\system\View\View.php(217): CodeIgniter\View\View->CodeIgniter\View\{closure}()
#2 C:\xampp\htdocs\Pro2\system\Common.php(1097): CodeIgniter\View\View->render('Login/Registrat...', Array, true)
#3 C:\xampp\htdocs\Pro2\app\Controllers\Login.php(19): view('Login/Registrat...')
#4 C:\xampp\htdocs\Pro2\system\CodeIgniter.php(824): App\Controllers\Login->register()
#5 C:\xampp\htdocs\Pro2\system\CodeIgniter.php(410): CodeIgniter\CodeIgniter->runController(Object(App\Controllers\Login))
#6 C:\xampp\htdocs\Pro2\system\CodeIgniter.php(318): CodeIgniter\CodeIgniter->handleRequest(NULL, Object(Config\Cache), false)
#7 C:\xampp\htdocs\Pro2\public\index.php(37): CodeIgniter\CodeIgniter->run()
#8 {main}
CRITICAL - 2021-11-13 03:22:14 --> Undefined variable: validation
#0 C:\xampp\htdocs\Pro2\app\Views\Login\Registration.php(24): CodeIgniter\Debug\Exceptions->errorHandler(8, 'Undefined varia...', 'C:\\xampp\\htdocs...', 24, Array)
#1 C:\xampp\htdocs\Pro2\system\View\View.php(214): include('C:\\xampp\\htdocs...')
#2 C:\xampp\htdocs\Pro2\system\View\View.php(217): CodeIgniter\View\View->CodeIgniter\View\{closure}()
#3 C:\xampp\htdocs\Pro2\system\Common.php(1097): CodeIgniter\View\View->render('Login/Registrat...', Array, true)
#4 C:\xampp\htdocs\Pro2\app\Controllers\Login.php(19): view('Login/Registrat...')
#5 C:\xampp\htdocs\Pro2\system\CodeIgniter.php(824): App\Controllers\Login->register()
#6 C:\xampp\htdocs\Pro2\system\CodeIgniter.php(410): CodeIgniter\CodeIgniter->runController(Object(App\Controllers\Login))
#7 C:\xampp\htdocs\Pro2\system\CodeIgniter.php(318): CodeIgniter\CodeIgniter->handleRequest(NULL, Object(Config\Cache), false)
#8 C:\xampp\htdocs\Pro2\public\index.php(37): CodeIgniter\CodeIgniter->run()
#9 {main}
CRITICAL - 2021-11-13 03:22:32 --> Undefined variable: validation
#0 C:\xampp\htdocs\Pro2\app\Views\Login\Registration.php(24): CodeIgniter\Debug\Exceptions->errorHandler(8, 'Undefined varia...', 'C:\\xampp\\htdocs...', 24, Array)
#1 C:\xampp\htdocs\Pro2\system\View\View.php(214): include('C:\\xampp\\htdocs...')
#2 C:\xampp\htdocs\Pro2\system\View\View.php(217): CodeIgniter\View\View->CodeIgniter\View\{closure}()
#3 C:\xampp\htdocs\Pro2\system\Common.php(1097): CodeIgniter\View\View->render('Login/Registrat...', Array, true)
#4 C:\xampp\htdocs\Pro2\app\Controllers\Login.php(19): view('Login/Registrat...')
#5 C:\xampp\htdocs\Pro2\system\CodeIgniter.php(824): App\Controllers\Login->register()
#6 C:\xampp\htdocs\Pro2\system\CodeIgniter.php(410): CodeIgniter\CodeIgniter->runController(Object(App\Controllers\Login))
#7 C:\xampp\htdocs\Pro2\system\CodeIgniter.php(318): CodeIgniter\CodeIgniter->handleRequest(NULL, Object(Config\Cache), false)
#8 C:\xampp\htdocs\Pro2\public\index.php(37): CodeIgniter\CodeIgniter->run()
#9 {main}
CRITICAL - 2021-11-13 03:22:33 --> Undefined variable: validation
#0 C:\xampp\htdocs\Pro2\app\Views\Login\Registration.php(24): CodeIgniter\Debug\Exceptions->errorHandler(8, 'Undefined varia...', 'C:\\xampp\\htdocs...', 24, Array)
#1 C:\xampp\htdocs\Pro2\system\View\View.php(214): include('C:\\xampp\\htdocs...')
#2 C:\xampp\htdocs\Pro2\system\View\View.php(217): CodeIgniter\View\View->CodeIgniter\View\{closure}()
#3 C:\xampp\htdocs\Pro2\system\Common.php(1097): CodeIgniter\View\View->render('Login/Registrat...', Array, true)
#4 C:\xampp\htdocs\Pro2\app\Controllers\Login.php(19): view('Login/Registrat...')
#5 C:\xampp\htdocs\Pro2\system\CodeIgniter.php(824): App\Controllers\Login->register()
#6 C:\xampp\htdocs\Pro2\system\CodeIgniter.php(410): CodeIgniter\CodeIgniter->runController(Object(App\Controllers\Login))
#7 C:\xampp\htdocs\Pro2\system\CodeIgniter.php(318): CodeIgniter\CodeIgniter->handleRequest(NULL, Object(Config\Cache), false)
#8 C:\xampp\htdocs\Pro2\public\index.php(37): CodeIgniter\CodeIgniter->run()
#9 {main}
CRITICAL - 2021-11-13 03:22:55 --> syntax error, unexpected '?>'
#0 C:\xampp\htdocs\Pro2\system\View\View.php(217): CodeIgniter\View\View->CodeIgniter\View\{closure}()
#1 C:\xampp\htdocs\Pro2\system\Common.php(1097): CodeIgniter\View\View->render('Login/Registrat...', Array, true)
#2 C:\xampp\htdocs\Pro2\app\Controllers\Login.php(19): view('Login/Registrat...')
#3 C:\xampp\htdocs\Pro2\system\CodeIgniter.php(824): App\Controllers\Login->register()
#4 C:\xampp\htdocs\Pro2\system\CodeIgniter.php(410): CodeIgniter\CodeIgniter->runController(Object(App\Controllers\Login))
#5 C:\xampp\htdocs\Pro2\system\CodeIgniter.php(318): CodeIgniter\CodeIgniter->handleRequest(NULL, Object(Config\Cache), false)
#6 C:\xampp\htdocs\Pro2\public\index.php(37): CodeIgniter\CodeIgniter->run()
#7 {main}
CRITICAL - 2021-11-13 03:24:08 --> syntax error, unexpected '}'
#0 C:\xampp\htdocs\Pro2\system\View\View.php(217): CodeIgniter\View\View->CodeIgniter\View\{closure}()
#1 C:\xampp\htdocs\Pro2\system\Common.php(1097): CodeIgniter\View\View->render('Login/Registrat...', Array, true)
#2 C:\xampp\htdocs\Pro2\app\Controllers\Login.php(19): view('Login/Registrat...')
#3 C:\xampp\htdocs\Pro2\system\CodeIgniter.php(824): App\Controllers\Login->register()
#4 C:\xampp\htdocs\Pro2\system\CodeIgniter.php(410): CodeIgniter\CodeIgniter->runController(Object(App\Controllers\Login))
#5 C:\xampp\htdocs\Pro2\system\CodeIgniter.php(318): CodeIgniter\CodeIgniter->handleRequest(NULL, Object(Config\Cache), false)
#6 C:\xampp\htdocs\Pro2\public\index.php(37): CodeIgniter\CodeIgniter->run()
#7 {main}
CRITICAL - 2021-11-13 03:24:09 --> syntax error, unexpected '}'
#0 C:\xampp\htdocs\Pro2\system\View\View.php(217): CodeIgniter\View\View->CodeIgniter\View\{closure}()
#1 C:\xampp\htdocs\Pro2\system\Common.php(1097): CodeIgniter\View\View->render('Login/Registrat...', Array, true)
#2 C:\xampp\htdocs\Pro2\app\Controllers\Login.php(19): view('Login/Registrat...')
#3 C:\xampp\htdocs\Pro2\system\CodeIgniter.php(824): App\Controllers\Login->register()
#4 C:\xampp\htdocs\Pro2\system\CodeIgniter.php(410): CodeIgniter\CodeIgniter->runController(Object(App\Controllers\Login))
#5 C:\xampp\htdocs\Pro2\system\CodeIgniter.php(318): CodeIgniter\CodeIgniter->handleRequest(NULL, Object(Config\Cache), false)
#6 C:\xampp\htdocs\Pro2\public\index.php(37): CodeIgniter\CodeIgniter->run()
#7 {main}
CRITICAL - 2021-11-13 03:45:03 --> syntax error, unexpected ';', expecting ']'
#0 C:\xampp\htdocs\Pro2\system\Autoloader\Autoloader.php(241): CodeIgniter\Autoloader\Autoloader->includeFile('C:\\xampp\\htdocs...')
#1 C:\xampp\htdocs\Pro2\system\Autoloader\Autoloader.php(219): CodeIgniter\Autoloader\Autoloader->loadInNamespace('App\\Controllers...')
#2 [internal function]: CodeIgniter\Autoloader\Autoloader->loadClass('App\\Controllers...')
#3 [internal function]: spl_autoload_call('App\\Controllers...')
#4 C:\xampp\htdocs\Pro2\system\CodeIgniter.php(789): class_exists('\\App\\Controller...', true)
#5 C:\xampp\htdocs\Pro2\system\CodeIgniter.php(397): CodeIgniter\CodeIgniter->startController()
#6 C:\xampp\htdocs\Pro2\system\CodeIgniter.php(318): CodeIgniter\CodeIgniter->handleRequest(NULL, Object(Config\Cache), false)
#7 C:\xampp\htdocs\Pro2\public\index.php(37): CodeIgniter\CodeIgniter->run()
#8 {main}
CRITICAL - 2021-11-13 03:45:29 --> Undefined variable: name
#0 C:\xampp\htdocs\Pro2\app\Controllers\Login.php(77): CodeIgniter\Debug\Exceptions->errorHandler(8, 'Undefined varia...', 'C:\\xampp\\htdocs...', 77, Array)
#1 C:\xampp\htdocs\Pro2\system\CodeIgniter.php(824): App\Controllers\Login->savereg()
#2 C:\xampp\htdocs\Pro2\system\CodeIgniter.php(410): CodeIgniter\CodeIgniter->runController(Object(App\Controllers\Login))
#3 C:\xampp\htdocs\Pro2\system\CodeIgniter.php(318): CodeIgniter\CodeIgniter->handleRequest(NULL, Object(Config\Cache), false)
#4 C:\xampp\htdocs\Pro2\public\index.php(37): CodeIgniter\CodeIgniter->run()
#5 {main}
CRITICAL - 2021-11-13 03:46:14 --> Class 'App\Models\UserModel' not found
#0 C:\xampp\htdocs\Pro2\system\CodeIgniter.php(824): App\Controllers\Login->savereg()
#1 C:\xampp\htdocs\Pro2\system\CodeIgniter.php(410): CodeIgniter\CodeIgniter->runController(Object(App\Controllers\Login))
#2 C:\xampp\htdocs\Pro2\system\CodeIgniter.php(318): CodeIgniter\CodeIgniter->handleRequest(NULL, Object(Config\Cache), false)
#3 C:\xampp\htdocs\Pro2\public\index.php(37): CodeIgniter\CodeIgniter->run()
#4 {main}
ERROR - 2021-11-13 04:33:03 --> Unknown column 'username' in 'where clause'
CRITICAL - 2021-11-13 04:33:03 --> Unknown column 'username' in 'where clause'
#0 C:\xampp\htdocs\Pro2\system\Database\MySQLi\Connection.php(292): mysqli->query('SELECT *\nFROM `...', 0)
#1 C:\xampp\htdocs\Pro2\system\Database\BaseConnection.php(670): CodeIgniter\Database\MySQLi\Connection->execute('SELECT *\nFROM `...')
#2 C:\xampp\htdocs\Pro2\system\Database\BaseConnection.php(598): CodeIgniter\Database\BaseConnection->simpleQuery('SELECT *\nFROM `...')
#3 C:\xampp\htdocs\Pro2\system\Database\BaseBuilder.php(1443): CodeIgniter\Database\BaseConnection->query('SELECT *\nFROM `...', Array, false)
#4 C:\xampp\htdocs\Pro2\system\Model.php(210): CodeIgniter\Database\BaseBuilder->get()
#5 C:\xampp\htdocs\Pro2\system\BaseModel.php(622): CodeIgniter\Model->doFirst()
#6 C:\xampp\htdocs\Pro2\app\Controllers\Login.php(48): CodeIgniter\BaseModel->first()
#7 C:\xampp\htdocs\Pro2\system\CodeIgniter.php(824): App\Controllers\Login->checkusers()
#8 C:\xampp\htdocs\Pro2\system\CodeIgniter.php(410): CodeIgniter\CodeIgniter->runController(Object(App\Controllers\Login))
#9 C:\xampp\htdocs\Pro2\system\CodeIgniter.php(318): CodeIgniter\CodeIgniter->handleRequest(NULL, Object(Config\Cache), false)
#10 C:\xampp\htdocs\Pro2\public\index.php(37): CodeIgniter\CodeIgniter->run()
#11 {main}
CRITICAL - 2021-11-13 04:33:18 --> Invalid file: dashboard/index.php
#0 C:\xampp\htdocs\Pro2\system\View\View.php(198): CodeIgniter\Exceptions\FrameworkException::forInvalidFile('dashboard/index...')
#1 C:\xampp\htdocs\Pro2\system\Common.php(1097): CodeIgniter\View\View->render('dashboard/index', Array, true)
#2 C:\xampp\htdocs\Pro2\app\Controllers\Dashboard.php(9): view('dashboard/index')
#3 C:\xampp\htdocs\Pro2\system\CodeIgniter.php(824): App\Controllers\Dashboard->index()
#4 C:\xampp\htdocs\Pro2\system\CodeIgniter.php(410): CodeIgniter\CodeIgniter->runController(Object(App\Controllers\Dashboard))
#5 C:\xampp\htdocs\Pro2\system\CodeIgniter.php(318): CodeIgniter\CodeIgniter->handleRequest(NULL, Object(Config\Cache), false)
#6 C:\xampp\htdocs\Pro2\public\index.php(37): CodeIgniter\CodeIgniter->run()
#7 {main}
CRITICAL - 2021-11-13 04:42:34 --> Undefined variable: userInfo
#0 C:\xampp\htdocs\Pro2\app\Views\dashboard\index.php(5): CodeIgniter\Debug\Exceptions->errorHandler(8, 'Undefined varia...', 'C:\\xampp\\htdocs...', 5, Array)
#1 C:\xampp\htdocs\Pro2\system\View\View.php(214): include('C:\\xampp\\htdocs...')
#2 C:\xampp\htdocs\Pro2\system\View\View.php(217): CodeIgniter\View\View->CodeIgniter\View\{closure}()
#3 C:\xampp\htdocs\Pro2\system\Common.php(1097): CodeIgniter\View\View->render('dashboard/index', Array, true)
#4 C:\xampp\htdocs\Pro2\app\Controllers\Dashboard.php(9): view('dashboard/index')
#5 C:\xampp\htdocs\Pro2\system\CodeIgniter.php(824): App\Controllers\Dashboard->index()
#6 C:\xampp\htdocs\Pro2\system\CodeIgniter.php(410): CodeIgniter\CodeIgniter->runController(Object(App\Controllers\Dashboard))
#7 C:\xampp\htdocs\Pro2\system\CodeIgniter.php(318): CodeIgniter\CodeIgniter->handleRequest(NULL, Object(Config\Cache), false)
#8 C:\xampp\htdocs\Pro2\public\index.php(37): CodeIgniter\CodeIgniter->run()
#9 {main}
CRITICAL - 2021-11-13 04:43:28 --> Class 'App\Models\UserModel' not found
#0 C:\xampp\htdocs\Pro2\system\CodeIgniter.php(824): App\Controllers\Dashboard->index()
#1 C:\xampp\htdocs\Pro2\system\CodeIgniter.php(410): CodeIgniter\CodeIgniter->runController(Object(App\Controllers\Dashboard))
#2 C:\xampp\htdocs\Pro2\system\CodeIgniter.php(318): CodeIgniter\CodeIgniter->handleRequest(NULL, Object(Config\Cache), false)
#3 C:\xampp\htdocs\Pro2\public\index.php(37): CodeIgniter\CodeIgniter->run()
#4 {main}
CRITICAL - 2021-11-13 04:43:34 --> Undefined index: username
#0 C:\xampp\htdocs\Pro2\app\Views\dashboard\index.php(6): CodeIgniter\Debug\Exceptions->errorHandler(8, 'Undefined index...', 'C:\\xampp\\htdocs...', 6, Array)
#1 C:\xampp\htdocs\Pro2\system\View\View.php(214): include('C:\\xampp\\htdocs...')
#2 C:\xampp\htdocs\Pro2\system\View\View.php(217): CodeIgniter\View\View->CodeIgniter\View\{closure}()
#3 C:\xampp\htdocs\Pro2\system\Common.php(1097): CodeIgniter\View\View->render('dashboard/index', Array, true)
#4 C:\xampp\htdocs\Pro2\app\Controllers\Dashboard.php(16): view('dashboard/index', Array)
#5 C:\xampp\htdocs\Pro2\system\CodeIgniter.php(824): App\Controllers\Dashboard->index()
#6 C:\xampp\htdocs\Pro2\system\CodeIgniter.php(410): CodeIgniter\CodeIgniter->runController(Object(App\Controllers\Dashboard))
#7 C:\xampp\htdocs\Pro2\system\CodeIgniter.php(318): CodeIgniter\CodeIgniter->handleRequest(NULL, Object(Config\Cache), false)
#8 C:\xampp\htdocs\Pro2\public\index.php(37): CodeIgniter\CodeIgniter->run()
#9 {main}
CRITICAL - 2021-11-13 04:53:48 --> AuthCheck filter must have a matching alias defined.
#0 C:\xampp\htdocs\Pro2\system\Filters\Filters.php(340): CodeIgniter\Filters\Exceptions\FilterException::forNoAlias('AuthCheck')
#1 C:\xampp\htdocs\Pro2\system\CodeIgniter.php(375): CodeIgniter\Filters\Filters->enableFilter('AuthCheck', 'before')
#2 C:\xampp\htdocs\Pro2\system\CodeIgniter.php(318): CodeIgniter\CodeIgniter->handleRequest(NULL, Object(Config\Cache), false)
#3 C:\xampp\htdocs\Pro2\public\index.php(37): CodeIgniter\CodeIgniter->run()
#4 {main}
CRITICAL - 2021-11-13 04:53:51 --> AuthCheck filter must have a matching alias defined.
#0 C:\xampp\htdocs\Pro2\system\Filters\Filters.php(340): CodeIgniter\Filters\Exceptions\FilterException::forNoAlias('AuthCheck')
#1 C:\xampp\htdocs\Pro2\system\CodeIgniter.php(375): CodeIgniter\Filters\Filters->enableFilter('AuthCheck', 'before')
#2 C:\xampp\htdocs\Pro2\system\CodeIgniter.php(318): CodeIgniter\CodeIgniter->handleRequest(NULL, Object(Config\Cache), false)
#3 C:\xampp\htdocs\Pro2\public\index.php(37): CodeIgniter\CodeIgniter->run()
#4 {main}
CRITICAL - 2021-11-13 04:54:16 --> AuthCheckFillter filter must have a matching alias defined.
#0 C:\xampp\htdocs\Pro2\system\Filters\Filters.php(340): CodeIgniter\Filters\Exceptions\FilterException::forNoAlias('AuthCheckFillte...')
#1 C:\xampp\htdocs\Pro2\system\CodeIgniter.php(375): CodeIgniter\Filters\Filters->enableFilter('AuthCheckFillte...', 'before')
#2 C:\xampp\htdocs\Pro2\system\CodeIgniter.php(318): CodeIgniter\CodeIgniter->handleRequest(NULL, Object(Config\Cache), false)
#3 C:\xampp\htdocs\Pro2\public\index.php(37): CodeIgniter\CodeIgniter->run()
#4 {main}
CRITICAL - 2021-11-13 04:56:07 --> AuthCheckFillter filter must have a matching alias defined.
#0 C:\xampp\htdocs\Pro2\system\Filters\Filters.php(340): CodeIgniter\Filters\Exceptions\FilterException::forNoAlias('AuthCheckFillte...')
#1 C:\xampp\htdocs\Pro2\system\CodeIgniter.php(375): CodeIgniter\Filters\Filters->enableFilter('AuthCheckFillte...', 'before')
#2 C:\xampp\htdocs\Pro2\system\CodeIgniter.php(318): CodeIgniter\CodeIgniter->handleRequest(NULL, Object(Config\Cache), false)
#3 C:\xampp\htdocs\Pro2\public\index.php(37): CodeIgniter\CodeIgniter->run()
#4 {main}
CRITICAL - 2021-11-13 04:56:53 --> AuthCheckFillter filter must have a matching alias defined.
#0 C:\xampp\htdocs\Pro2\system\Filters\Filters.php(340): CodeIgniter\Filters\Exceptions\FilterException::forNoAlias('AuthCheckFillte...')
#1 C:\xampp\htdocs\Pro2\system\CodeIgniter.php(375): CodeIgniter\Filters\Filters->enableFilter('AuthCheckFillte...', 'before')
#2 C:\xampp\htdocs\Pro2\system\CodeIgniter.php(318): CodeIgniter\CodeIgniter->handleRequest(NULL, Object(Config\Cache), false)
#3 C:\xampp\htdocs\Pro2\public\index.php(37): CodeIgniter\CodeIgniter->run()
#4 {main}
CRITICAL - 2021-11-13 05:00:56 --> AuthCheckFillter filter must have a matching alias defined.
#0 C:\xampp\htdocs\Pro2\system\Filters\Filters.php(340): CodeIgniter\Filters\Exceptions\FilterException::forNoAlias('AuthCheckFillte...')
#1 C:\xampp\htdocs\Pro2\system\CodeIgniter.php(375): CodeIgniter\Filters\Filters->enableFilter('AuthCheckFillte...', 'before')
#2 C:\xampp\htdocs\Pro2\system\CodeIgniter.php(318): CodeIgniter\CodeIgniter->handleRequest(NULL, Object(Config\Cache), false)
#3 C:\xampp\htdocs\Pro2\public\index.php(37): CodeIgniter\CodeIgniter->run()
#4 {main}
CRITICAL - 2021-11-13 05:02:10 --> AuthCheckFillter filter must have a matching alias defined.
#0 C:\xampp\htdocs\Pro2\system\Filters\Filters.php(340): CodeIgniter\Filters\Exceptions\FilterException::forNoAlias('AuthCheckFillte...')
#1 C:\xampp\htdocs\Pro2\system\CodeIgniter.php(375): CodeIgniter\Filters\Filters->enableFilter('AuthCheckFillte...', 'before')
#2 C:\xampp\htdocs\Pro2\system\CodeIgniter.php(318): CodeIgniter\CodeIgniter->handleRequest(NULL, Object(Config\Cache), false)
#3 C:\xampp\htdocs\Pro2\public\index.php(37): CodeIgniter\CodeIgniter->run()
#4 {main}
CRITICAL - 2021-11-13 05:02:18 --> AuthCheckFillter filter must have a matching alias defined.
#0 C:\xampp\htdocs\Pro2\system\Filters\Filters.php(340): CodeIgniter\Filters\Exceptions\FilterException::forNoAlias('AuthCheckFillte...')
#1 C:\xampp\htdocs\Pro2\system\CodeIgniter.php(375): CodeIgniter\Filters\Filters->enableFilter('AuthCheckFillte...', 'before')
#2 C:\xampp\htdocs\Pro2\system\CodeIgniter.php(318): CodeIgniter\CodeIgniter->handleRequest(NULL, Object(Config\Cache), false)
#3 C:\xampp\htdocs\Pro2\public\index.php(37): CodeIgniter\CodeIgniter->run()
#4 {main}
CRITICAL - 2021-11-13 05:06:06 --> AuthCheckFilter filter must have a matching alias defined.
#0 C:\xampp\htdocs\Pro2\system\Filters\Filters.php(340): CodeIgniter\Filters\Exceptions\FilterException::forNoAlias('AuthCheckFilter')
#1 C:\xampp\htdocs\Pro2\system\CodeIgniter.php(375): CodeIgniter\Filters\Filters->enableFilter('AuthCheckFilter', 'before')
#2 C:\xampp\htdocs\Pro2\system\CodeIgniter.php(318): CodeIgniter\CodeIgniter->handleRequest(NULL, Object(Config\Cache), false)
#3 C:\xampp\htdocs\Pro2\public\index.php(37): CodeIgniter\CodeIgniter->run()
#4 {main}
CRITICAL - 2021-11-13 05:06:13 --> AuthCheckFilter filter must have a matching alias defined.
#0 C:\xampp\htdocs\Pro2\system\Filters\Filters.php(340): CodeIgniter\Filters\Exceptions\FilterException::forNoAlias('AuthCheckFilter')
#1 C:\xampp\htdocs\Pro2\system\CodeIgniter.php(375): CodeIgniter\Filters\Filters->enableFilter('AuthCheckFilter', 'before')
#2 C:\xampp\htdocs\Pro2\system\CodeIgniter.php(318): CodeIgniter\CodeIgniter->handleRequest(NULL, Object(Config\Cache), false)
#3 C:\xampp\htdocs\Pro2\public\index.php(37): CodeIgniter\CodeIgniter->run()
#4 {main}
