CRITICAL - 2021-11-16 03:38:41 --> Undefined variable: userInfo
#0 C:\xampp\htdocs\Pro2\app\Views\dashboard\dashboard-layout.php(54): CodeIgniter\Debug\Exceptions->errorHandler(8, 'Undefined varia...', 'C:\\xampp\\htdocs...', 54, Array)
#1 C:\xampp\htdocs\Pro2\system\View\View.php(214): include('C:\\xampp\\htdocs...')
#2 C:\xampp\htdocs\Pro2\system\View\View.php(217): CodeIgniter\View\View->CodeIgniter\View\{closure}()
#3 C:\xampp\htdocs\Pro2\system\View\View.php(230): CodeIgniter\View\View->render('dashboard/dashb...', Array, true)
#4 C:\xampp\htdocs\Pro2\system\Common.php(1097): CodeIgniter\View\View->render('dashboard/bonaf...', Array, true)
#5 C:\xampp\htdocs\Pro2\app\Controllers\Bonafied.php(9): view('dashboard/bonaf...')
#6 C:\xampp\htdocs\Pro2\system\CodeIgniter.php(824): App\Controllers\Bonafied->index()
#7 C:\xampp\htdocs\Pro2\system\CodeIgniter.php(410): CodeIgniter\CodeIgniter->runController(Object(App\Controllers\Bonafied))
#8 C:\xampp\htdocs\Pro2\system\CodeIgniter.php(318): CodeIgniter\CodeIgniter->handleRequest(NULL, Object(Config\Cache), false)
#9 C:\xampp\htdocs\Pro2\public\index.php(37): CodeIgniter\CodeIgniter->run()
#10 {main}
CRITICAL - 2021-11-16 03:39:53 --> Undefined variable: userInfo
#0 C:\xampp\htdocs\Pro2\app\Views\dashboard\dashboard-layout.php(54): CodeIgniter\Debug\Exceptions->errorHandler(8, 'Undefined varia...', 'C:\\xampp\\htdocs...', 54, Array)
#1 C:\xampp\htdocs\Pro2\system\View\View.php(214): include('C:\\xampp\\htdocs...')
#2 C:\xampp\htdocs\Pro2\system\View\View.php(217): CodeIgniter\View\View->CodeIgniter\View\{closure}()
#3 C:\xampp\htdocs\Pro2\system\View\View.php(230): CodeIgniter\View\View->render('dashboard/dashb...', Array, true)
#4 C:\xampp\htdocs\Pro2\system\Common.php(1097): CodeIgniter\View\View->render('dashboard/bonaf...', Array, true)
#5 C:\xampp\htdocs\Pro2\app\Controllers\Bonafied.php(9): view('dashboard/bonaf...')
#6 C:\xampp\htdocs\Pro2\system\CodeIgniter.php(824): App\Controllers\Bonafied->index()
#7 C:\xampp\htdocs\Pro2\system\CodeIgniter.php(410): CodeIgniter\CodeIgniter->runController(Object(App\Controllers\Bonafied))
#8 C:\xampp\htdocs\Pro2\system\CodeIgniter.php(318): CodeIgniter\CodeIgniter->handleRequest(NULL, Object(Config\Cache), false)
#9 C:\xampp\htdocs\Pro2\public\index.php(37): CodeIgniter\CodeIgniter->run()
#10 {main}
CRITICAL - 2021-11-16 03:40:19 --> Undefined variable: userInfo
#0 C:\xampp\htdocs\Pro2\app\Views\dashboard\dashboard-layout.php(54): CodeIgniter\Debug\Exceptions->errorHandler(8, 'Undefined varia...', 'C:\\xampp\\htdocs...', 54, Array)
#1 C:\xampp\htdocs\Pro2\system\View\View.php(214): include('C:\\xampp\\htdocs...')
#2 C:\xampp\htdocs\Pro2\system\View\View.php(217): CodeIgniter\View\View->CodeIgniter\View\{closure}()
#3 C:\xampp\htdocs\Pro2\system\View\View.php(230): CodeIgniter\View\View->render('dashboard/dashb...', Array, true)
#4 C:\xampp\htdocs\Pro2\system\Common.php(1097): CodeIgniter\View\View->render('dashboard/bonaf...', Array, true)
#5 C:\xampp\htdocs\Pro2\app\Controllers\Bonafied.php(9): view('dashboard/bonaf...')
#6 C:\xampp\htdocs\Pro2\system\CodeIgniter.php(824): App\Controllers\Bonafied->index()
#7 C:\xampp\htdocs\Pro2\system\CodeIgniter.php(410): CodeIgniter\CodeIgniter->runController(Object(App\Controllers\Bonafied))
#8 C:\xampp\htdocs\Pro2\system\CodeIgniter.php(318): CodeIgniter\CodeIgniter->handleRequest(NULL, Object(Config\Cache), false)
#9 C:\xampp\htdocs\Pro2\public\index.php(37): CodeIgniter\CodeIgniter->run()
#10 {main}
CRITICAL - 2021-11-16 03:40:25 --> Undefined variable: userInfo
#0 C:\xampp\htdocs\Pro2\app\Views\dashboard\dashboard-layout.php(54): CodeIgniter\Debug\Exceptions->errorHandler(8, 'Undefined varia...', 'C:\\xampp\\htdocs...', 54, Array)
#1 C:\xampp\htdocs\Pro2\system\View\View.php(214): include('C:\\xampp\\htdocs...')
#2 C:\xampp\htdocs\Pro2\system\View\View.php(217): CodeIgniter\View\View->CodeIgniter\View\{closure}()
#3 C:\xampp\htdocs\Pro2\system\View\View.php(230): CodeIgniter\View\View->render('dashboard/dashb...', Array, true)
#4 C:\xampp\htdocs\Pro2\system\Common.php(1097): CodeIgniter\View\View->render('dashboard/bonaf...', Array, true)
#5 C:\xampp\htdocs\Pro2\app\Controllers\Bonafied.php(9): view('dashboard/bonaf...')
#6 C:\xampp\htdocs\Pro2\system\CodeIgniter.php(824): App\Controllers\Bonafied->index()
#7 C:\xampp\htdocs\Pro2\system\CodeIgniter.php(410): CodeIgniter\CodeIgniter->runController(Object(App\Controllers\Bonafied))
#8 C:\xampp\htdocs\Pro2\system\CodeIgniter.php(318): CodeIgniter\CodeIgniter->handleRequest(NULL, Object(Config\Cache), false)
#9 C:\xampp\htdocs\Pro2\public\index.php(37): CodeIgniter\CodeIgniter->run()
#10 {main}
CRITICAL - 2021-11-16 03:42:42 --> Undefined variable: userInfo
#0 C:\xampp\htdocs\Pro2\app\Views\dashboard\dashboard-layout.php(54): CodeIgniter\Debug\Exceptions->errorHandler(8, 'Undefined varia...', 'C:\\xampp\\htdocs...', 54, Array)
#1 C:\xampp\htdocs\Pro2\system\View\View.php(214): include('C:\\xampp\\htdocs...')
#2 C:\xampp\htdocs\Pro2\system\View\View.php(217): CodeIgniter\View\View->CodeIgniter\View\{closure}()
#3 C:\xampp\htdocs\Pro2\system\View\View.php(230): CodeIgniter\View\View->render('dashboard/dashb...', Array, true)
#4 C:\xampp\htdocs\Pro2\system\Common.php(1097): CodeIgniter\View\View->render('dashboard/bonaf...', Array, true)
#5 C:\xampp\htdocs\Pro2\app\Controllers\Bonafied.php(9): view('dashboard/bonaf...')
#6 C:\xampp\htdocs\Pro2\system\CodeIgniter.php(824): App\Controllers\Bonafied->index()
#7 C:\xampp\htdocs\Pro2\system\CodeIgniter.php(410): CodeIgniter\CodeIgniter->runController(Object(App\Controllers\Bonafied))
#8 C:\xampp\htdocs\Pro2\system\CodeIgniter.php(318): CodeIgniter\CodeIgniter->handleRequest(NULL, Object(Config\Cache), false)
#9 C:\xampp\htdocs\Pro2\public\index.php(37): CodeIgniter\CodeIgniter->run()
#10 {main}
CRITICAL - 2021-11-16 06:16:00 --> Undefined variable: yrs
#0 C:\xampp\htdocs\Pro2\app\Views\dashboard\NoteFYBCA.php(4): CodeIgniter\Debug\Exceptions->errorHandler(8, 'Undefined varia...', 'C:\\xampp\\htdocs...', 4, Array)
#1 C:\xampp\htdocs\Pro2\system\View\View.php(214): include('C:\\xampp\\htdocs...')
#2 C:\xampp\htdocs\Pro2\system\View\View.php(217): CodeIgniter\View\View->CodeIgniter\View\{closure}()
#3 C:\xampp\htdocs\Pro2\system\Common.php(1097): CodeIgniter\View\View->render('dashboard/NoteF...', Array, true)
#4 C:\xampp\htdocs\Pro2\app\Controllers\Dashboard.php(86): view('dashboard/NoteF...', Array)
#5 C:\xampp\htdocs\Pro2\system\CodeIgniter.php(824): App\Controllers\Dashboard->notes()
#6 C:\xampp\htdocs\Pro2\system\CodeIgniter.php(410): CodeIgniter\CodeIgniter->runController(Object(App\Controllers\Dashboard))
#7 C:\xampp\htdocs\Pro2\system\CodeIgniter.php(318): CodeIgniter\CodeIgniter->handleRequest(NULL, Object(Config\Cache), false)
#8 C:\xampp\htdocs\Pro2\public\index.php(37): CodeIgniter\CodeIgniter->run()
#9 {main}
CRITICAL - 2021-11-16 06:16:55 --> Undefined variable: data
#0 C:\xampp\htdocs\Pro2\app\Views\dashboard\NoteFYBCA.php(4): CodeIgniter\Debug\Exceptions->errorHandler(8, 'Undefined varia...', 'C:\\xampp\\htdocs...', 4, Array)
#1 C:\xampp\htdocs\Pro2\system\View\View.php(214): include('C:\\xampp\\htdocs...')
#2 C:\xampp\htdocs\Pro2\system\View\View.php(217): CodeIgniter\View\View->CodeIgniter\View\{closure}()
#3 C:\xampp\htdocs\Pro2\system\Common.php(1097): CodeIgniter\View\View->render('dashboard/NoteF...', Array, true)
#4 C:\xampp\htdocs\Pro2\app\Controllers\Dashboard.php(86): view('dashboard/NoteF...', Array)
#5 C:\xampp\htdocs\Pro2\system\CodeIgniter.php(824): App\Controllers\Dashboard->notes()
#6 C:\xampp\htdocs\Pro2\system\CodeIgniter.php(410): CodeIgniter\CodeIgniter->runController(Object(App\Controllers\Dashboard))
#7 C:\xampp\htdocs\Pro2\system\CodeIgniter.php(318): CodeIgniter\CodeIgniter->handleRequest(NULL, Object(Config\Cache), false)
#8 C:\xampp\htdocs\Pro2\public\index.php(37): CodeIgniter\CodeIgniter->run()
#9 {main}
CRITICAL - 2021-11-16 06:17:05 --> Undefined variable: data
#0 C:\xampp\htdocs\Pro2\app\Views\dashboard\NoteFYBCA.php(4): CodeIgniter\Debug\Exceptions->errorHandler(8, 'Undefined varia...', 'C:\\xampp\\htdocs...', 4, Array)
#1 C:\xampp\htdocs\Pro2\system\View\View.php(214): include('C:\\xampp\\htdocs...')
#2 C:\xampp\htdocs\Pro2\system\View\View.php(217): CodeIgniter\View\View->CodeIgniter\View\{closure}()
#3 C:\xampp\htdocs\Pro2\system\Common.php(1097): CodeIgniter\View\View->render('dashboard/NoteF...', Array, true)
#4 C:\xampp\htdocs\Pro2\app\Controllers\Dashboard.php(107): view('dashboard/NoteF...', Array)
#5 C:\xampp\htdocs\Pro2\system\CodeIgniter.php(824): App\Controllers\Dashboard->TYnotes()
#6 C:\xampp\htdocs\Pro2\system\CodeIgniter.php(410): CodeIgniter\CodeIgniter->runController(Object(App\Controllers\Dashboard))
#7 C:\xampp\htdocs\Pro2\system\CodeIgniter.php(318): CodeIgniter\CodeIgniter->handleRequest(NULL, Object(Config\Cache), false)
#8 C:\xampp\htdocs\Pro2\public\index.php(37): CodeIgniter\CodeIgniter->run()
#9 {main}
CRITICAL - 2021-11-16 06:17:31 --> Undefined variable: data
#0 C:\xampp\htdocs\Pro2\app\Views\dashboard\NoteFYBCA.php(4): CodeIgniter\Debug\Exceptions->errorHandler(8, 'Undefined varia...', 'C:\\xampp\\htdocs...', 4, Array)
#1 C:\xampp\htdocs\Pro2\system\View\View.php(214): include('C:\\xampp\\htdocs...')
#2 C:\xampp\htdocs\Pro2\system\View\View.php(217): CodeIgniter\View\View->CodeIgniter\View\{closure}()
#3 C:\xampp\htdocs\Pro2\system\Common.php(1097): CodeIgniter\View\View->render('dashboard/NoteF...', Array, true)
#4 C:\xampp\htdocs\Pro2\app\Controllers\Dashboard.php(96): view('dashboard/NoteF...', Array)
#5 C:\xampp\htdocs\Pro2\system\CodeIgniter.php(824): App\Controllers\Dashboard->SYnotes()
#6 C:\xampp\htdocs\Pro2\system\CodeIgniter.php(410): CodeIgniter\CodeIgniter->runController(Object(App\Controllers\Dashboard))
#7 C:\xampp\htdocs\Pro2\system\CodeIgniter.php(318): CodeIgniter\CodeIgniter->handleRequest(NULL, Object(Config\Cache), false)
#8 C:\xampp\htdocs\Pro2\public\index.php(37): CodeIgniter\CodeIgniter->run()
#9 {main}
CRITICAL - 2021-11-16 06:17:31 --> Undefined variable: data
#0 C:\xampp\htdocs\Pro2\app\Views\dashboard\NoteFYBCA.php(4): CodeIgniter\Debug\Exceptions->errorHandler(8, 'Undefined varia...', 'C:\\xampp\\htdocs...', 4, Array)
#1 C:\xampp\htdocs\Pro2\system\View\View.php(214): include('C:\\xampp\\htdocs...')
#2 C:\xampp\htdocs\Pro2\system\View\View.php(217): CodeIgniter\View\View->CodeIgniter\View\{closure}()
#3 C:\xampp\htdocs\Pro2\system\Common.php(1097): CodeIgniter\View\View->render('dashboard/NoteF...', Array, true)
#4 C:\xampp\htdocs\Pro2\app\Controllers\Dashboard.php(86): view('dashboard/NoteF...', Array)
#5 C:\xampp\htdocs\Pro2\system\CodeIgniter.php(824): App\Controllers\Dashboard->notes()
#6 C:\xampp\htdocs\Pro2\system\CodeIgniter.php(410): CodeIgniter\CodeIgniter->runController(Object(App\Controllers\Dashboard))
#7 C:\xampp\htdocs\Pro2\system\CodeIgniter.php(318): CodeIgniter\CodeIgniter->handleRequest(NULL, Object(Config\Cache), false)
#8 C:\xampp\htdocs\Pro2\public\index.php(37): CodeIgniter\CodeIgniter->run()
#9 {main}
CRITICAL - 2021-11-16 06:17:35 --> Undefined variable: data
#0 C:\xampp\htdocs\Pro2\app\Views\dashboard\NoteFYBCA.php(4): CodeIgniter\Debug\Exceptions->errorHandler(8, 'Undefined varia...', 'C:\\xampp\\htdocs...', 4, Array)
#1 C:\xampp\htdocs\Pro2\system\View\View.php(214): include('C:\\xampp\\htdocs...')
#2 C:\xampp\htdocs\Pro2\system\View\View.php(217): CodeIgniter\View\View->CodeIgniter\View\{closure}()
#3 C:\xampp\htdocs\Pro2\system\Common.php(1097): CodeIgniter\View\View->render('dashboard/NoteF...', Array, true)
#4 C:\xampp\htdocs\Pro2\app\Controllers\Dashboard.php(86): view('dashboard/NoteF...', Array)
#5 C:\xampp\htdocs\Pro2\system\CodeIgniter.php(824): App\Controllers\Dashboard->notes()
#6 C:\xampp\htdocs\Pro2\system\CodeIgniter.php(410): CodeIgniter\CodeIgniter->runController(Object(App\Controllers\Dashboard))
#7 C:\xampp\htdocs\Pro2\system\CodeIgniter.php(318): CodeIgniter\CodeIgniter->handleRequest(NULL, Object(Config\Cache), false)
#8 C:\xampp\htdocs\Pro2\public\index.php(37): CodeIgniter\CodeIgniter->run()
#9 {main}
